[handleMsg]:  {
  key: {
    remoteJid: '573046230357@s.whatsapp.net',
    fromMe: false,
    id: '3EB08AAE7105E0701E20DE',
    participant: undefined
  },
  messageTimestamp: 1698023508,
  pushName: 'Camilo Ordo침ez 游땙',
  broadcast: false,
  message: Message {
    extendedTextMessage: ExtendedTextMessage {
      text: '.',
      contextInfo: [ContextInfo],
      inviteLinkGroupTypeV2: 0
    },
    messageContextInfo: MessageContextInfo {
      deviceListMetadata: [DeviceListMetadata],
      deviceListMetadataVersion: 2
    }
  },
  body: '.',
  from: '573046230357'
}
[handleMsg]:  {
  key: {
    remoteJid: '573046230357@s.whatsapp.net',
    fromMe: false,
    id: '3EB092308D1C950EBFB95A',
    participant: undefined
  },
  messageTimestamp: 1698023510,
  pushName: 'Camilo Ordo침ez 游땙',
  broadcast: false,
  message: Message {
    extendedTextMessage: ExtendedTextMessage {
      text: '1',
      contextInfo: [ContextInfo],
      inviteLinkGroupTypeV2: 0
    },
    messageContextInfo: MessageContextInfo {
      deviceListMetadata: [DeviceListMetadata],
      deviceListMetadataVersion: 2
    }
  },
  body: '1',
  from: '573046230357'
}
[handleMsg]:  {
  key: {
    remoteJid: '573046230357@s.whatsapp.net',
    fromMe: false,
    id: '3EB04F6EE9AA63764E520E',
    participant: undefined
  },
  messageTimestamp: 1698023513,
  pushName: 'Camilo Ordo침ez 游땙',
  broadcast: false,
  message: Message {
    extendedTextMessage: ExtendedTextMessage {
      text: '1',
      contextInfo: [ContextInfo],
      inviteLinkGroupTypeV2: 0
    },
    messageContextInfo: MessageContextInfo {
      deviceListMetadata: [DeviceListMetadata],
      deviceListMetadataVersion: 2
    }
  },
  body: '1',
  from: '573046230357'
}
[handleMsg]:  {
  key: {
    remoteJid: '573046230357@s.whatsapp.net',
    fromMe: false,
    id: '3EB0079816FD4FC5EB078F',
    participant: undefined
  },
  messageTimestamp: 1698023515,
  pushName: 'Camilo Ordo침ez 游땙',
  broadcast: false,
  message: Message {
    extendedTextMessage: ExtendedTextMessage {
      text: '1',
      contextInfo: [ContextInfo],
      inviteLinkGroupTypeV2: 0
    },
    messageContextInfo: MessageContextInfo {
      deviceListMetadata: [DeviceListMetadata],
      deviceListMetadataVersion: 2
    }
  },
  body: '1',
  from: '573046230357'
}
[handleMsg]:  {
  key: {
    remoteJid: '573046230357@s.whatsapp.net',
    fromMe: false,
    id: '3EB086A6B61ACA7102EFF2',
    participant: undefined
  },
  messageTimestamp: 1698023517,
  pushName: 'Camilo Ordo침ez 游땙',
  broadcast: false,
  message: Message {
    extendedTextMessage: ExtendedTextMessage {
      text: '1',
      contextInfo: [ContextInfo],
      inviteLinkGroupTypeV2: 0
    },
    messageContextInfo: MessageContextInfo {
      deviceListMetadata: [DeviceListMetadata],
      deviceListMetadataVersion: 2
    }
  },
  body: '1',
  from: '573046230357'
}
[handleMsg]:  {
  key: {
    remoteJid: '573046230357@s.whatsapp.net',
    fromMe: false,
    id: '3EB07CCE9E0A236F954ED7',
    participant: undefined
  },
  messageTimestamp: 1698023519,
  pushName: 'Camilo Ordo침ez 游땙',
  broadcast: false,
  message: Message {
    extendedTextMessage: ExtendedTextMessage {
      text: '1',
      contextInfo: [ContextInfo],
      inviteLinkGroupTypeV2: 0
    },
    messageContextInfo: MessageContextInfo {
      deviceListMetadata: [DeviceListMetadata],
      deviceListMetadataVersion: 2
    }
  },
  body: '1',
  from: '573046230357'
}
